/home/anushka/erc_ws/install/week0_tutorials/lib/python3.10/site-packages/week0_tutorials/__init__.py
/home/anushka/erc_ws/install/week0_tutorials/lib/python3.10/site-packages/week0_tutorials/node1.py
/home/anushka/erc_ws/install/week0_tutorials/lib/python3.10/site-packages/week0_tutorials/node3.py
/home/anushka/erc_ws/install/week0_tutorials/lib/python3.10/site-packages/week0_tutorials/node2.py
/home/anushka/erc_ws/install/week0_tutorials/lib/python3.10/site-packages/week0_tutorials/__pycache__/__init__.cpython-310.pyc
/home/anushka/erc_ws/install/week0_tutorials/lib/python3.10/site-packages/week0_tutorials/__pycache__/node1.cpython-310.pyc
/home/anushka/erc_ws/install/week0_tutorials/lib/python3.10/site-packages/week0_tutorials/__pycache__/node3.cpython-310.pyc
/home/anushka/erc_ws/install/week0_tutorials/lib/python3.10/site-packages/week0_tutorials/__pycache__/node2.cpython-310.pyc
/home/anushka/erc_ws/install/week0_tutorials/share/ament_index/resource_index/packages/week0_tutorials
/home/anushka/erc_ws/install/week0_tutorials/share/week0_tutorials/package.xml
/home/anushka/erc_ws/install/week0_tutorials/share/week0_tutorials/launch/my_launch.launch.py
/home/anushka/erc_ws/install/week0_tutorials/lib/python3.10/site-packages/week0_tutorials-0.0.0-py3.10.egg-info/zip-safe
/home/anushka/erc_ws/install/week0_tutorials/lib/python3.10/site-packages/week0_tutorials-0.0.0-py3.10.egg-info/SOURCES.txt
/home/anushka/erc_ws/install/week0_tutorials/lib/python3.10/site-packages/week0_tutorials-0.0.0-py3.10.egg-info/PKG-INFO
/home/anushka/erc_ws/install/week0_tutorials/lib/python3.10/site-packages/week0_tutorials-0.0.0-py3.10.egg-info/entry_points.txt
/home/anushka/erc_ws/install/week0_tutorials/lib/python3.10/site-packages/week0_tutorials-0.0.0-py3.10.egg-info/dependency_links.txt
/home/anushka/erc_ws/install/week0_tutorials/lib/python3.10/site-packages/week0_tutorials-0.0.0-py3.10.egg-info/top_level.txt
/home/anushka/erc_ws/install/week0_tutorials/lib/python3.10/site-packages/week0_tutorials-0.0.0-py3.10.egg-info/requires.txt
/home/anushka/erc_ws/install/week0_tutorials/lib/week0_tutorials/node1
/home/anushka/erc_ws/install/week0_tutorials/lib/week0_tutorials/node2
/home/anushka/erc_ws/install/week0_tutorials/lib/week0_tutorials/node3
