[0.801s] Invoking command in '/home/anushka/erc_ws/src/week0_tutorials': PYTHONPATH=/home/anushka/erc_ws/build/week0_tutorials/prefix_override:/home/anushka/erc_ws/install/week0_tutorials/lib/python3.10/site-packages:${PYTHONPATH} /usr/bin/python3 setup.py egg_info --egg-base ../../build/week0_tutorials build --build-base /home/anushka/erc_ws/build/week0_tutorials/build install --record /home/anushka/erc_ws/build/week0_tutorials/install.log --single-version-externally-managed
[1.015s] running egg_info
[1.015s] writing ../../build/week0_tutorials/week0_tutorials.egg-info/PKG-INFO
[1.016s] writing dependency_links to ../../build/week0_tutorials/week0_tutorials.egg-info/dependency_links.txt
[1.016s] writing entry points to ../../build/week0_tutorials/week0_tutorials.egg-info/entry_points.txt
[1.016s] writing requirements to ../../build/week0_tutorials/week0_tutorials.egg-info/requires.txt
[1.016s] writing top-level names to ../../build/week0_tutorials/week0_tutorials.egg-info/top_level.txt
[1.017s] reading manifest file '../../build/week0_tutorials/week0_tutorials.egg-info/SOURCES.txt'
[1.018s] writing manifest file '../../build/week0_tutorials/week0_tutorials.egg-info/SOURCES.txt'
[1.018s] running build
[1.019s] running build_py
[1.019s] copying week0_tutorials/daughter4.py -> /home/anushka/erc_ws/build/week0_tutorials/build/lib/week0_tutorials
[1.019s] running install
[1.019s] running install_lib
[1.020s] copying /home/anushka/erc_ws/build/week0_tutorials/build/lib/week0_tutorials/daughter4.py -> /home/anushka/erc_ws/install/week0_tutorials/lib/python3.10/site-packages/week0_tutorials
[1.020s] byte-compiling /home/anushka/erc_ws/install/week0_tutorials/lib/python3.10/site-packages/week0_tutorials/daughter4.py to daughter4.cpython-310.pyc
[1.021s] running install_data
[1.022s] running install_egg_info
[1.023s] removing '/home/anushka/erc_ws/install/week0_tutorials/lib/python3.10/site-packages/week0_tutorials-0.0.0-py3.10.egg-info' (and everything under it)
[1.024s] Copying ../../build/week0_tutorials/week0_tutorials.egg-info to /home/anushka/erc_ws/install/week0_tutorials/lib/python3.10/site-packages/week0_tutorials-0.0.0-py3.10.egg-info
[1.024s] running install_scripts
[1.045s] Installing basestation script to /home/anushka/erc_ws/install/week0_tutorials/lib/week0_tutorials
[1.046s] Installing daughter1 script to /home/anushka/erc_ws/install/week0_tutorials/lib/week0_tutorials
[1.046s] Installing daughter2 script to /home/anushka/erc_ws/install/week0_tutorials/lib/week0_tutorials
[1.046s] Installing daughter3 script to /home/anushka/erc_ws/install/week0_tutorials/lib/week0_tutorials
[1.047s] Installing daughter4 script to /home/anushka/erc_ws/install/week0_tutorials/lib/week0_tutorials
[1.047s] writing list of installed files to '/home/anushka/erc_ws/build/week0_tutorials/install.log'
[1.101s] Invoked command in '/home/anushka/erc_ws/src/week0_tutorials' returned '0': PYTHONPATH=/home/anushka/erc_ws/build/week0_tutorials/prefix_override:/home/anushka/erc_ws/install/week0_tutorials/lib/python3.10/site-packages:${PYTHONPATH} /usr/bin/python3 setup.py egg_info --egg-base ../../build/week0_tutorials build --build-base /home/anushka/erc_ws/build/week0_tutorials/build install --record /home/anushka/erc_ws/build/week0_tutorials/install.log --single-version-externally-managed
