[0.709s] Invoking command in '/home/anushka/erc_ws/src/week0_tutorials': PYTHONPATH=/home/anushka/erc_ws/build/week0_tutorials/prefix_override:/home/anushka/erc_ws/install/week0_tutorials/lib/python3.10/site-packages:${PYTHONPATH} /usr/bin/python3 setup.py egg_info --egg-base ../../build/week0_tutorials build --build-base /home/anushka/erc_ws/build/week0_tutorials/build install --record /home/anushka/erc_ws/build/week0_tutorials/install.log --single-version-externally-managed
[0.921s] running egg_info
[0.922s] writing ../../build/week0_tutorials/week0_tutorials.egg-info/PKG-INFO
[0.922s] writing dependency_links to ../../build/week0_tutorials/week0_tutorials.egg-info/dependency_links.txt
[0.922s] writing entry points to ../../build/week0_tutorials/week0_tutorials.egg-info/entry_points.txt
[0.923s] writing requirements to ../../build/week0_tutorials/week0_tutorials.egg-info/requires.txt
[0.923s] writing top-level names to ../../build/week0_tutorials/week0_tutorials.egg-info/top_level.txt
[0.924s] reading manifest file '../../build/week0_tutorials/week0_tutorials.egg-info/SOURCES.txt'
[0.924s] writing manifest file '../../build/week0_tutorials/week0_tutorials.egg-info/SOURCES.txt'
[0.925s] running build
[0.925s] running build_py
[0.925s] copying week0_tutorials/node3.py -> /home/anushka/erc_ws/build/week0_tutorials/build/lib/week0_tutorials
[0.925s] running install
[0.925s] running install_lib
[0.926s] copying /home/anushka/erc_ws/build/week0_tutorials/build/lib/week0_tutorials/node3.py -> /home/anushka/erc_ws/install/week0_tutorials/lib/python3.10/site-packages/week0_tutorials
[0.926s] byte-compiling /home/anushka/erc_ws/install/week0_tutorials/lib/python3.10/site-packages/week0_tutorials/node3.py to node3.cpython-310.pyc
[0.927s] running install_data
[0.928s] running install_egg_info
[0.929s] removing '/home/anushka/erc_ws/install/week0_tutorials/lib/python3.10/site-packages/week0_tutorials-0.0.0-py3.10.egg-info' (and everything under it)
[0.929s] Copying ../../build/week0_tutorials/week0_tutorials.egg-info to /home/anushka/erc_ws/install/week0_tutorials/lib/python3.10/site-packages/week0_tutorials-0.0.0-py3.10.egg-info
[0.931s] running install_scripts
[0.952s] Installing node1 script to /home/anushka/erc_ws/install/week0_tutorials/lib/week0_tutorials
[0.953s] Installing node2 script to /home/anushka/erc_ws/install/week0_tutorials/lib/week0_tutorials
[0.953s] Installing node3 script to /home/anushka/erc_ws/install/week0_tutorials/lib/week0_tutorials
[0.953s] writing list of installed files to '/home/anushka/erc_ws/build/week0_tutorials/install.log'
[1.007s] Invoked command in '/home/anushka/erc_ws/src/week0_tutorials' returned '0': PYTHONPATH=/home/anushka/erc_ws/build/week0_tutorials/prefix_override:/home/anushka/erc_ws/install/week0_tutorials/lib/python3.10/site-packages:${PYTHONPATH} /usr/bin/python3 setup.py egg_info --egg-base ../../build/week0_tutorials build --build-base /home/anushka/erc_ws/build/week0_tutorials/build install --record /home/anushka/erc_ws/build/week0_tutorials/install.log --single-version-externally-managed
