[0.593s] Invoking command in '/home/anushka/erc_ws/src/week0_tutorials': PYTHONPATH=/home/anushka/erc_ws/build/week0_tutorials/prefix_override:/home/anushka/erc_ws/install/week0_tutorials/lib/python3.10/site-packages:${PYTHONPATH} /usr/bin/python3 setup.py egg_info --egg-base ../../build/week0_tutorials build --build-base /home/anushka/erc_ws/build/week0_tutorials/build install --record /home/anushka/erc_ws/build/week0_tutorials/install.log --single-version-externally-managed
[0.770s] running egg_info
[0.770s] creating ../../build/week0_tutorials/week0_tutorials.egg-info
[0.770s] writing ../../build/week0_tutorials/week0_tutorials.egg-info/PKG-INFO
[0.771s] writing dependency_links to ../../build/week0_tutorials/week0_tutorials.egg-info/dependency_links.txt
[0.771s] writing entry points to ../../build/week0_tutorials/week0_tutorials.egg-info/entry_points.txt
[0.771s] writing requirements to ../../build/week0_tutorials/week0_tutorials.egg-info/requires.txt
[0.771s] writing top-level names to ../../build/week0_tutorials/week0_tutorials.egg-info/top_level.txt
[0.771s] writing manifest file '../../build/week0_tutorials/week0_tutorials.egg-info/SOURCES.txt'
[0.772s] reading manifest file '../../build/week0_tutorials/week0_tutorials.egg-info/SOURCES.txt'
[0.773s] writing manifest file '../../build/week0_tutorials/week0_tutorials.egg-info/SOURCES.txt'
[0.773s] running build
[0.773s] running build_py
[0.773s] creating /home/anushka/erc_ws/build/week0_tutorials/build
[0.773s] creating /home/anushka/erc_ws/build/week0_tutorials/build/lib
[0.773s] creating /home/anushka/erc_ws/build/week0_tutorials/build/lib/week0_tutorials
[0.774s] copying week0_tutorials/__init__.py -> /home/anushka/erc_ws/build/week0_tutorials/build/lib/week0_tutorials
[0.774s] copying week0_tutorials/node1.py -> /home/anushka/erc_ws/build/week0_tutorials/build/lib/week0_tutorials
[0.774s] copying week0_tutorials/node3.py -> /home/anushka/erc_ws/build/week0_tutorials/build/lib/week0_tutorials
[0.774s] copying week0_tutorials/node2.py -> /home/anushka/erc_ws/build/week0_tutorials/build/lib/week0_tutorials
[0.774s] running install
[0.781s] /usr/lib/python3/dist-packages/setuptools/command/install.py:34: SetuptoolsDeprecationWarning: setup.py install is deprecated. Use build and pip and other standards-based tools.
[0.781s]   warnings.warn(
[0.781s] running install_lib
[0.783s] creating /home/anushka/erc_ws/install/week0_tutorials/lib/python3.10/site-packages/week0_tutorials
[0.783s] copying /home/anushka/erc_ws/build/week0_tutorials/build/lib/week0_tutorials/__init__.py -> /home/anushka/erc_ws/install/week0_tutorials/lib/python3.10/site-packages/week0_tutorials
[0.783s] copying /home/anushka/erc_ws/build/week0_tutorials/build/lib/week0_tutorials/node1.py -> /home/anushka/erc_ws/install/week0_tutorials/lib/python3.10/site-packages/week0_tutorials
[0.783s] copying /home/anushka/erc_ws/build/week0_tutorials/build/lib/week0_tutorials/node3.py -> /home/anushka/erc_ws/install/week0_tutorials/lib/python3.10/site-packages/week0_tutorials
[0.783s] copying /home/anushka/erc_ws/build/week0_tutorials/build/lib/week0_tutorials/node2.py -> /home/anushka/erc_ws/install/week0_tutorials/lib/python3.10/site-packages/week0_tutorials
[0.783s] byte-compiling /home/anushka/erc_ws/install/week0_tutorials/lib/python3.10/site-packages/week0_tutorials/__init__.py to __init__.cpython-310.pyc
[0.783s] byte-compiling /home/anushka/erc_ws/install/week0_tutorials/lib/python3.10/site-packages/week0_tutorials/node1.py to node1.cpython-310.pyc
[0.784s] byte-compiling /home/anushka/erc_ws/install/week0_tutorials/lib/python3.10/site-packages/week0_tutorials/node3.py to node3.cpython-310.pyc
[0.784s] byte-compiling /home/anushka/erc_ws/install/week0_tutorials/lib/python3.10/site-packages/week0_tutorials/node2.py to node2.cpython-310.pyc
[0.784s] running install_data
[0.785s] creating /home/anushka/erc_ws/install/week0_tutorials/share/ament_index
[0.785s] creating /home/anushka/erc_ws/install/week0_tutorials/share/ament_index/resource_index
[0.785s] creating /home/anushka/erc_ws/install/week0_tutorials/share/ament_index/resource_index/packages
[0.785s] copying resource/week0_tutorials -> /home/anushka/erc_ws/install/week0_tutorials/share/ament_index/resource_index/packages
[0.785s] copying package.xml -> /home/anushka/erc_ws/install/week0_tutorials/share/week0_tutorials
[0.785s] running install_egg_info
[0.786s] Copying ../../build/week0_tutorials/week0_tutorials.egg-info to /home/anushka/erc_ws/install/week0_tutorials/lib/python3.10/site-packages/week0_tutorials-0.0.0-py3.10.egg-info
[0.787s] running install_scripts
[0.803s] Installing node1 script to /home/anushka/erc_ws/install/week0_tutorials/lib/week0_tutorials
[0.803s] Installing node2 script to /home/anushka/erc_ws/install/week0_tutorials/lib/week0_tutorials
[0.803s] Installing node3 script to /home/anushka/erc_ws/install/week0_tutorials/lib/week0_tutorials
[0.803s] writing list of installed files to '/home/anushka/erc_ws/build/week0_tutorials/install.log'
[0.828s] Invoked command in '/home/anushka/erc_ws/src/week0_tutorials' returned '0': PYTHONPATH=/home/anushka/erc_ws/build/week0_tutorials/prefix_override:/home/anushka/erc_ws/install/week0_tutorials/lib/python3.10/site-packages:${PYTHONPATH} /usr/bin/python3 setup.py egg_info --egg-base ../../build/week0_tutorials build --build-base /home/anushka/erc_ws/build/week0_tutorials/build install --record /home/anushka/erc_ws/build/week0_tutorials/install.log --single-version-externally-managed
