[0.755s] Invoking command in '/home/anushka/erc_ws/src/week0_tutorials': PYTHONPATH=/home/anushka/erc_ws/build/week0_tutorials/prefix_override:/home/anushka/erc_ws/install/week0_tutorials/lib/python3.10/site-packages:${PYTHONPATH} /usr/bin/python3 setup.py egg_info --egg-base ../../build/week0_tutorials build --build-base /home/anushka/erc_ws/build/week0_tutorials/build install --record /home/anushka/erc_ws/build/week0_tutorials/install.log --single-version-externally-managed
[0.948s] running egg_info
[0.948s] writing ../../build/week0_tutorials/week0_tutorials.egg-info/PKG-INFO
[0.957s] writing dependency_links to ../../build/week0_tutorials/week0_tutorials.egg-info/dependency_links.txt
[0.957s] writing entry points to ../../build/week0_tutorials/week0_tutorials.egg-info/entry_points.txt
[0.957s] writing requirements to ../../build/week0_tutorials/week0_tutorials.egg-info/requires.txt
[0.957s] writing top-level names to ../../build/week0_tutorials/week0_tutorials.egg-info/top_level.txt
[0.960s] reading manifest file '../../build/week0_tutorials/week0_tutorials.egg-info/SOURCES.txt'
[0.960s] writing manifest file '../../build/week0_tutorials/week0_tutorials.egg-info/SOURCES.txt'
[0.960s] running build
[0.960s] running build_py
[0.961s] running install
[0.962s] running install_lib
[0.964s] running install_data
[0.964s] running install_egg_info
[0.965s] removing '/home/anushka/erc_ws/install/week0_tutorials/lib/python3.10/site-packages/week0_tutorials-0.0.0-py3.10.egg-info' (and everything under it)
[0.966s] Copying ../../build/week0_tutorials/week0_tutorials.egg-info to /home/anushka/erc_ws/install/week0_tutorials/lib/python3.10/site-packages/week0_tutorials-0.0.0-py3.10.egg-info
[0.967s] running install_scripts
[0.982s] Installing basestation script to /home/anushka/erc_ws/install/week0_tutorials/lib/week0_tutorials
[0.982s] Installing daughter1 script to /home/anushka/erc_ws/install/week0_tutorials/lib/week0_tutorials
[0.983s] Installing daughter2 script to /home/anushka/erc_ws/install/week0_tutorials/lib/week0_tutorials
[0.983s] Installing daughter3 script to /home/anushka/erc_ws/install/week0_tutorials/lib/week0_tutorials
[0.983s] writing list of installed files to '/home/anushka/erc_ws/build/week0_tutorials/install.log'
[1.010s] Invoked command in '/home/anushka/erc_ws/src/week0_tutorials' returned '0': PYTHONPATH=/home/anushka/erc_ws/build/week0_tutorials/prefix_override:/home/anushka/erc_ws/install/week0_tutorials/lib/python3.10/site-packages:${PYTHONPATH} /usr/bin/python3 setup.py egg_info --egg-base ../../build/week0_tutorials build --build-base /home/anushka/erc_ws/build/week0_tutorials/build install --record /home/anushka/erc_ws/build/week0_tutorials/install.log --single-version-externally-managed
