[0.586s] Invoking command in '/home/anushka/erc_ws/src/week0_tutorials': PYTHONPATH=/home/anushka/erc_ws/build/week0_tutorials/prefix_override:/home/anushka/erc_ws/install/week0_tutorials/lib/python3.10/site-packages:${PYTHONPATH} /usr/bin/python3 setup.py egg_info --egg-base ../../build/week0_tutorials build --build-base /home/anushka/erc_ws/build/week0_tutorials/build install --record /home/anushka/erc_ws/build/week0_tutorials/install.log --single-version-externally-managed
[0.773s] running egg_info
[0.774s] writing ../../build/week0_tutorials/week0_tutorials.egg-info/PKG-INFO
[0.774s] writing dependency_links to ../../build/week0_tutorials/week0_tutorials.egg-info/dependency_links.txt
[0.774s] writing entry points to ../../build/week0_tutorials/week0_tutorials.egg-info/entry_points.txt
[0.774s] writing requirements to ../../build/week0_tutorials/week0_tutorials.egg-info/requires.txt
[0.774s] writing top-level names to ../../build/week0_tutorials/week0_tutorials.egg-info/top_level.txt
[0.775s] reading manifest file '../../build/week0_tutorials/week0_tutorials.egg-info/SOURCES.txt'
[0.776s] writing manifest file '../../build/week0_tutorials/week0_tutorials.egg-info/SOURCES.txt'
[0.776s] running build
[0.776s] running build_py
[0.776s] running install
[0.777s] running install_lib
[0.777s] running install_data
[0.778s] running install_egg_info
[0.779s] removing '/home/anushka/erc_ws/install/week0_tutorials/lib/python3.10/site-packages/week0_tutorials-0.0.0-py3.10.egg-info' (and everything under it)
[0.779s] Copying ../../build/week0_tutorials/week0_tutorials.egg-info to /home/anushka/erc_ws/install/week0_tutorials/lib/python3.10/site-packages/week0_tutorials-0.0.0-py3.10.egg-info
[0.780s] running install_scripts
[0.795s] Installing node1 script to /home/anushka/erc_ws/install/week0_tutorials/lib/week0_tutorials
[0.795s] Installing node2 script to /home/anushka/erc_ws/install/week0_tutorials/lib/week0_tutorials
[0.795s] Installing node3 script to /home/anushka/erc_ws/install/week0_tutorials/lib/week0_tutorials
[0.795s] writing list of installed files to '/home/anushka/erc_ws/build/week0_tutorials/install.log'
[0.822s] Invoked command in '/home/anushka/erc_ws/src/week0_tutorials' returned '0': PYTHONPATH=/home/anushka/erc_ws/build/week0_tutorials/prefix_override:/home/anushka/erc_ws/install/week0_tutorials/lib/python3.10/site-packages:${PYTHONPATH} /usr/bin/python3 setup.py egg_info --egg-base ../../build/week0_tutorials build --build-base /home/anushka/erc_ws/build/week0_tutorials/build install --record /home/anushka/erc_ws/build/week0_tutorials/install.log --single-version-externally-managed
