[0.805s] Invoking command in '/home/anushka/erc_ws/src/week0_tutorials': PYTHONPATH=/home/anushka/erc_ws/build/week0_tutorials/prefix_override:/home/anushka/erc_ws/install/week0_tutorials/lib/python3.10/site-packages:${PYTHONPATH} /usr/bin/python3 setup.py egg_info --egg-base ../../build/week0_tutorials build --build-base /home/anushka/erc_ws/build/week0_tutorials/build install --record /home/anushka/erc_ws/build/week0_tutorials/install.log --single-version-externally-managed
[1.021s] running egg_info
[1.021s] writing ../../build/week0_tutorials/week0_tutorials.egg-info/PKG-INFO
[1.021s] writing dependency_links to ../../build/week0_tutorials/week0_tutorials.egg-info/dependency_links.txt
[1.022s] writing entry points to ../../build/week0_tutorials/week0_tutorials.egg-info/entry_points.txt
[1.022s] writing requirements to ../../build/week0_tutorials/week0_tutorials.egg-info/requires.txt
[1.022s] writing top-level names to ../../build/week0_tutorials/week0_tutorials.egg-info/top_level.txt
[1.023s] reading manifest file '../../build/week0_tutorials/week0_tutorials.egg-info/SOURCES.txt'
[1.024s] writing manifest file '../../build/week0_tutorials/week0_tutorials.egg-info/SOURCES.txt'
[1.024s] running build
[1.024s] running build_py
[1.024s] running install
[1.025s] running install_lib
[1.026s] running install_data
[1.026s] copying package.xml -> /home/anushka/erc_ws/install/week0_tutorials/share/week0_tutorials
[1.026s] running install_egg_info
[1.028s] removing '/home/anushka/erc_ws/install/week0_tutorials/lib/python3.10/site-packages/week0_tutorials-0.0.0-py3.10.egg-info' (and everything under it)
[1.028s] Copying ../../build/week0_tutorials/week0_tutorials.egg-info to /home/anushka/erc_ws/install/week0_tutorials/lib/python3.10/site-packages/week0_tutorials-0.0.0-py3.10.egg-info
[1.029s] running install_scripts
[1.049s] Installing basestation script to /home/anushka/erc_ws/install/week0_tutorials/lib/week0_tutorials
[1.050s] Installing daughter1 script to /home/anushka/erc_ws/install/week0_tutorials/lib/week0_tutorials
[1.050s] Installing daughter2 script to /home/anushka/erc_ws/install/week0_tutorials/lib/week0_tutorials
[1.050s] Installing daughter3 script to /home/anushka/erc_ws/install/week0_tutorials/lib/week0_tutorials
[1.050s] Installing daughter4 script to /home/anushka/erc_ws/install/week0_tutorials/lib/week0_tutorials
[1.050s] writing list of installed files to '/home/anushka/erc_ws/build/week0_tutorials/install.log'
[1.104s] Invoked command in '/home/anushka/erc_ws/src/week0_tutorials' returned '0': PYTHONPATH=/home/anushka/erc_ws/build/week0_tutorials/prefix_override:/home/anushka/erc_ws/install/week0_tutorials/lib/python3.10/site-packages:${PYTHONPATH} /usr/bin/python3 setup.py egg_info --egg-base ../../build/week0_tutorials build --build-base /home/anushka/erc_ws/build/week0_tutorials/build install --record /home/anushka/erc_ws/build/week0_tutorials/install.log --single-version-externally-managed
