[0.558s] Invoking command in '/home/anushka/erc_ws/src/week0_tutorials': PYTHONPATH=/home/anushka/erc_ws/build/week0_tutorials/prefix_override:/home/anushka/erc_ws/install/week0_tutorials/lib/python3.10/site-packages:${PYTHONPATH} /usr/bin/python3 setup.py egg_info --egg-base ../../build/week0_tutorials build --build-base /home/anushka/erc_ws/build/week0_tutorials/build install --record /home/anushka/erc_ws/build/week0_tutorials/install.log --single-version-externally-managed
[0.732s] running egg_info
[0.733s] writing ../../build/week0_tutorials/week0_tutorials.egg-info/PKG-INFO
[0.733s] writing dependency_links to ../../build/week0_tutorials/week0_tutorials.egg-info/dependency_links.txt
[0.733s] writing entry points to ../../build/week0_tutorials/week0_tutorials.egg-info/entry_points.txt
[0.733s] writing requirements to ../../build/week0_tutorials/week0_tutorials.egg-info/requires.txt
[0.734s] writing top-level names to ../../build/week0_tutorials/week0_tutorials.egg-info/top_level.txt
[0.735s] reading manifest file '../../build/week0_tutorials/week0_tutorials.egg-info/SOURCES.txt'
[0.735s] writing manifest file '../../build/week0_tutorials/week0_tutorials.egg-info/SOURCES.txt'
[0.736s] running build
[0.736s] running build_py
[0.736s] running install
[0.736s] /usr/lib/python3/dist-packages/setuptools/command/install.py:34: SetuptoolsDeprecationWarning: setup.py install is deprecated. Use build and pip and other standards-based tools.
[0.736s]   warnings.warn(
[0.736s] running install_lib
[0.737s] running install_data
[0.738s] running install_egg_info
[0.739s] removing '/home/anushka/erc_ws/install/week0_tutorials/lib/python3.10/site-packages/week0_tutorials-0.0.0-py3.10.egg-info' (and everything under it)
[0.739s] Copying ../../build/week0_tutorials/week0_tutorials.egg-info to /home/anushka/erc_ws/install/week0_tutorials/lib/python3.10/site-packages/week0_tutorials-0.0.0-py3.10.egg-info
[0.740s] running install_scripts
[0.756s] Installing node1 script to /home/anushka/erc_ws/install/week0_tutorials/lib/week0_tutorials
[0.756s] Installing node2 script to /home/anushka/erc_ws/install/week0_tutorials/lib/week0_tutorials
[0.757s] Installing node3 script to /home/anushka/erc_ws/install/week0_tutorials/lib/week0_tutorials
[0.757s] writing list of installed files to '/home/anushka/erc_ws/build/week0_tutorials/install.log'
[0.782s] Invoked command in '/home/anushka/erc_ws/src/week0_tutorials' returned '0': PYTHONPATH=/home/anushka/erc_ws/build/week0_tutorials/prefix_override:/home/anushka/erc_ws/install/week0_tutorials/lib/python3.10/site-packages:${PYTHONPATH} /usr/bin/python3 setup.py egg_info --egg-base ../../build/week0_tutorials build --build-base /home/anushka/erc_ws/build/week0_tutorials/build install --record /home/anushka/erc_ws/build/week0_tutorials/install.log --single-version-externally-managed
