running egg_info
writing ../../build/week0_tutorials/week0_tutorials.egg-info/PKG-INFO
writing dependency_links to ../../build/week0_tutorials/week0_tutorials.egg-info/dependency_links.txt
writing entry points to ../../build/week0_tutorials/week0_tutorials.egg-info/entry_points.txt
writing requirements to ../../build/week0_tutorials/week0_tutorials.egg-info/requires.txt
writing top-level names to ../../build/week0_tutorials/week0_tutorials.egg-info/top_level.txt
reading manifest file '../../build/week0_tutorials/week0_tutorials.egg-info/SOURCES.txt'
writing manifest file '../../build/week0_tutorials/week0_tutorials.egg-info/SOURCES.txt'
running build
running build_py
copying week0_tutorials/node1.py -> /home/anushka/erc_ws/build/week0_tutorials/build/lib/week0_tutorials
copying week0_tutorials/node3.py -> /home/anushka/erc_ws/build/week0_tutorials/build/lib/week0_tutorials
copying week0_tutorials/node2.py -> /home/anushka/erc_ws/build/week0_tutorials/build/lib/week0_tutorials
running install
running install_lib
copying /home/anushka/erc_ws/build/week0_tutorials/build/lib/week0_tutorials/node1.py -> /home/anushka/erc_ws/install/week0_tutorials/lib/python3.10/site-packages/week0_tutorials
copying /home/anushka/erc_ws/build/week0_tutorials/build/lib/week0_tutorials/node3.py -> /home/anushka/erc_ws/install/week0_tutorials/lib/python3.10/site-packages/week0_tutorials
copying /home/anushka/erc_ws/build/week0_tutorials/build/lib/week0_tutorials/node2.py -> /home/anushka/erc_ws/install/week0_tutorials/lib/python3.10/site-packages/week0_tutorials
byte-compiling /home/anushka/erc_ws/install/week0_tutorials/lib/python3.10/site-packages/week0_tutorials/node1.py to node1.cpython-310.pyc
byte-compiling /home/anushka/erc_ws/install/week0_tutorials/lib/python3.10/site-packages/week0_tutorials/node3.py to node3.cpython-310.pyc
byte-compiling /home/anushka/erc_ws/install/week0_tutorials/lib/python3.10/site-packages/week0_tutorials/node2.py to node2.cpython-310.pyc
running install_data
running install_egg_info
removing '/home/anushka/erc_ws/install/week0_tutorials/lib/python3.10/site-packages/week0_tutorials-0.0.0-py3.10.egg-info' (and everything under it)
Copying ../../build/week0_tutorials/week0_tutorials.egg-info to /home/anushka/erc_ws/install/week0_tutorials/lib/python3.10/site-packages/week0_tutorials-0.0.0-py3.10.egg-info
running install_scripts
Installing node1 script to /home/anushka/erc_ws/install/week0_tutorials/lib/week0_tutorials
Installing node2 script to /home/anushka/erc_ws/install/week0_tutorials/lib/week0_tutorials
Installing node3 script to /home/anushka/erc_ws/install/week0_tutorials/lib/week0_tutorials
writing list of installed files to '/home/anushka/erc_ws/build/week0_tutorials/install.log'
